<?xml version="1.0" encoding="UTF-8"?>
<!-- Generated by org.testng.reporters.JUnitXMLReporter -->
<testsuite hostname="Mervin-PC" name="Test" tests="2" failures="1" timestamp="4 Apr 2017 20:10:15 GMT" time="77.491" errors="0">
  <testcase name="T01_AgregarDatosContacto" time="45.72" classname="test.CP_02_DatosContactoSmoke"/>
  <testcase name="T02_ZAvanzarAdmitirExpediente" time="15.309" classname="test.CP_02_DatosContactoSmoke">
    <failure type="java.lang.NullPointerException">
      <![CDATA[java.lang.NullPointerException
	at test.CP_02_DatosContactoSmoke.T02_ZAvanzarAdmitirExpediente(CP_02_DatosContactoSmoke.java:207)
... Removed 24 stack frames]]>
    </failure>
  </testcase> <!-- T02_ZAvanzarAdmitirExpediente -->
</testsuite> <!-- Test -->
