<?xml version="1.0" encoding="UTF-8"?>
<!-- Generated by org.testng.reporters.JUnitXMLReporter -->
<testsuite hostname="Mervin-PC" ignored="0" name="Test" tests="9" failures="0" timestamp="03 abr 2017 19:46:27 GMT" time="378.747" errors="0">
  <testcase name="T00_InicializarTarea" time="38.604" classname="cp_Rimac_Claim_Vida.CP_00_IniciarTarea"/>
  <testcase name="T01_AgregarDatosContacto" time="40.809" classname="cp_Rimac_Claim_Vida.CP_01_02_DatosContacto"/>
  <testcase name="T02_AgregarOtroDatoContacto" time="32.141" classname="cp_Rimac_Claim_Vida.CP_01_02_DatosContacto"/>
  <testcase name="T03_EditarDatosContacto" time="36.284" classname="cp_Rimac_Claim_Vida.CP_01_02_DatosContacto"/>
  <testcase name="T04_EliminarDatosContacto" time="36.195" classname="cp_Rimac_Claim_Vida.CP_01_02_DatosContacto"/>
  <testcase name="T05_ZAvanzarAdmitirExpediente" time="30.272" classname="cp_Rimac_Claim_Vida.CP_01_02_DatosContacto"/>
  <testcase name="T06_DatosCobertura" time="39.099" classname="cp_Rimac_Claim_Vida.CP_05_DatosCobertura"/>
  <testcase name="T07_DatosSiniestro" time="16.603" classname="cp_Rimac_Claim_Vida.CP_09_DatosSiniestro"/>
  <testcase name="T08_DatosBeneficiarios" time="38.733" classname="cp_Rimac_Claim_Vida.CP_12_DatosBeneficiarioSiniestro"/>
</testsuite> <!-- Test -->
