<?xml version="1.0" encoding="UTF-8"?>
<testng-results skipped="0" failed="1" total="2" passed="1">
  <reporter-output>
  </reporter-output>
  <suite name="Suite" duration-ms="77491" started-at="2017-04-04T20:08:57Z" finished-at="2017-04-04T20:10:15Z">
    <groups>
    </groups>
    <test name="Test" duration-ms="77491" started-at="2017-04-04T20:08:57Z" finished-at="2017-04-04T20:10:15Z">
      <class name="test.CP_02_DatosContactoSmoke">
        <test-method status="PASS" signature="setUp()[pri:0, instance:test.CP_02_DatosContactoSmoke@d8355a8]" name="setUp" is-config="true" duration-ms="9775" started-at="2017-04-04T17:08:57Z" finished-at="2017-04-04T17:09:07Z">
          <reporter-output>
          </reporter-output>
        </test-method> <!-- setUp -->
        <test-method status="PASS" signature="T01_AgregarDatosContacto()[pri:0, instance:test.CP_02_DatosContactoSmoke@d8355a8]" name="T01_AgregarDatosContacto" duration-ms="45720" started-at="2017-04-04T17:09:07Z" finished-at="2017-04-04T17:09:53Z">
          <reporter-output>
          </reporter-output>
        </test-method> <!-- T01_AgregarDatosContacto -->
        <test-method status="PASS" signature="tearDown(org.testng.ITestResult)[pri:0, instance:test.CP_02_DatosContactoSmoke@d8355a8]" name="tearDown" is-config="true" duration-ms="278" started-at="2017-04-04T17:09:53Z" finished-at="2017-04-04T17:09:53Z">
          <params>
            <param index="0">
              <value>
                <![CDATA[[TestResult name=T01_AgregarDatosContacto status=SUCCESS method=CP_02_DatosContactoSmoke.T01_AgregarDatosContacto()[pri:0, instance:test.CP_02_DatosContactoSmoke@d8355a8] output={null}]]]>
              </value>
            </param>
          </params>
          <reporter-output>
          </reporter-output>
        </test-method> <!-- tearDown -->
        <test-method status="FAIL" signature="T02_ZAvanzarAdmitirExpediente()[pri:0, instance:test.CP_02_DatosContactoSmoke@d8355a8]" name="T02_ZAvanzarAdmitirExpediente" duration-ms="15309" started-at="2017-04-04T17:09:53Z" finished-at="2017-04-04T17:10:08Z">
          <exception class="java.lang.NullPointerException">
            <full-stacktrace>
              <![CDATA[java.lang.NullPointerException
	at test.CP_02_DatosContactoSmoke.T02_ZAvanzarAdmitirExpediente(CP_02_DatosContactoSmoke.java:207)
	at sun.reflect.NativeMethodAccessorImpl.invoke0(Native Method)
	at sun.reflect.NativeMethodAccessorImpl.invoke(Unknown Source)
	at sun.reflect.DelegatingMethodAccessorImpl.invoke(Unknown Source)
	at java.lang.reflect.Method.invoke(Unknown Source)
	at org.testng.internal.MethodInvocationHelper.invokeMethod(MethodInvocationHelper.java:80)
	at org.testng.internal.Invoker.invokeMethod(Invoker.java:714)
	at org.testng.internal.Invoker.invokeTestMethod(Invoker.java:901)
	at org.testng.internal.Invoker.invokeTestMethods(Invoker.java:1231)
	at org.testng.internal.TestMethodWorker.invokeTestMethods(TestMethodWorker.java:127)
	at org.testng.internal.TestMethodWorker.run(TestMethodWorker.java:111)
	at org.testng.TestRunner.privateRun(TestRunner.java:767)
	at org.testng.TestRunner.run(TestRunner.java:617)
	at org.testng.SuiteRunner.runTest(SuiteRunner.java:334)
	at org.testng.SuiteRunner.runSequentially(SuiteRunner.java:329)
	at org.testng.SuiteRunner.privateRun(SuiteRunner.java:291)
	at org.testng.SuiteRunner.run(SuiteRunner.java:240)
	at org.testng.SuiteRunnerWorker.runSuite(SuiteRunnerWorker.java:52)
	at org.testng.SuiteRunnerWorker.run(SuiteRunnerWorker.java:86)
	at org.testng.TestNG.runSuitesSequentially(TestNG.java:1198)
	at org.testng.TestNG.runSuitesLocally(TestNG.java:1123)
	at org.testng.TestNG.run(TestNG.java:1031)
	at org.testng.remote.AbstractRemoteTestNG.run(AbstractRemoteTestNG.java:132)
	at org.testng.remote.RemoteTestNG.initAndRun(RemoteTestNG.java:236)
	at org.testng.remote.RemoteTestNG.main(RemoteTestNG.java:81)
]]>
            </full-stacktrace>
          </exception> <!-- java.lang.NullPointerException -->
          <reporter-output>
          </reporter-output>
        </test-method> <!-- T02_ZAvanzarAdmitirExpediente -->
        <test-method status="PASS" signature="tearDown(org.testng.ITestResult)[pri:0, instance:test.CP_02_DatosContactoSmoke@d8355a8]" name="tearDown" is-config="true" duration-ms="5176" started-at="2017-04-04T17:10:08Z" finished-at="2017-04-04T17:10:13Z">
          <params>
            <param index="0">
              <value>
                <![CDATA[[TestResult name=T02_ZAvanzarAdmitirExpediente status=FAILURE method=CP_02_DatosContactoSmoke.T02_ZAvanzarAdmitirExpediente()[pri:0, instance:test.CP_02_DatosContactoSmoke@d8355a8] output={null}]]]>
              </value>
            </param>
          </params>
          <reporter-output>
          </reporter-output>
        </test-method> <!-- tearDown -->
        <test-method status="PASS" signature="tearDown()[pri:0, instance:test.CP_02_DatosContactoSmoke@d8355a8]" name="tearDown" is-config="true" duration-ms="1211" started-at="2017-04-04T17:10:13Z" finished-at="2017-04-04T17:10:15Z">
          <reporter-output>
          </reporter-output>
        </test-method> <!-- tearDown -->
      </class> <!-- test.CP_02_DatosContactoSmoke -->
    </test> <!-- Test -->
  </suite> <!-- Suite -->
</testng-results>
